<?xml version="1.0" encoding="UTF-8"?>
<!-- Generated by org.testng.reporters.JUnitXMLReporter -->
<testsuite ignored="0" hostname="STFMXC1617" failures="0" tests="2" name="Google Search Box" time="16.54" errors="0" timestamp="2022-05-04T15:12:18 CDT">
  <testcase classname="com.projectName.testCases.GoogleSearchTests" name="comparePopularResults" time="5.811"/>
  <testcase classname="com.projectName.testCases.GoogleSearchTests" name="validateSearchOnGoogle" time="2.037"/>
</testsuite> <!-- Google Search Box -->
